<?xml version="1.0" encoding="UTF-8"?>
<!-- Generated by org.testng.reporters.JUnitReportReporter -->
<testsuite hostname="RKV" failures="0" tests="2" name="com.SauceDemo.testCases.TC_005" time="2.464" errors="0" timestamp="17 May 2019 18:23:54 GMT" skipped="0">
  <testcase classname="com.SauceDemo.testCases.TC_005" name="loginTest005" time="1.905"/>
  <testcase classname="com.SauceDemo.testCases.TC_005" name="loginTest005" time="0.559"/>
</testsuite> <!-- com.SauceDemo.testCases.TC_005 -->
