<?xml version="1.0" encoding="UTF-8"?>
<!-- Generated by org.testng.reporters.JUnitReportReporter -->
<testsuite hostname="RKV" failures="0" tests="4" name="com.SauceDemo.testCases.TC_002" time="4.687" errors="0" timestamp="17 May 2019 18:23:54 GMT" skipped="0">
  <testcase classname="com.SauceDemo.testCases.TC_002" name="loginTest002" time="0.520"/>
  <testcase classname="com.SauceDemo.testCases.TC_002" name="loginTest002" time="0.612"/>
  <testcase classname="com.SauceDemo.testCases.TC_002" name="loginTest002" time="1.770"/>
  <testcase classname="com.SauceDemo.testCases.TC_002" name="loginTest002" time="1.785"/>
</testsuite> <!-- com.SauceDemo.testCases.TC_002 -->
