<?xml version="1.0" encoding="UTF-8"?>
<!-- Generated by org.testng.reporters.JUnitReportReporter -->
<testsuite hostname="RKV" failures="0" tests="4" name="com.SauceDemo.testCases.TC_008" time="4.633" errors="0" timestamp="17 May 2019 18:23:54 GMT" skipped="0">
  <testcase classname="com.SauceDemo.testCases.TC_008" name="loginTest008" time="1.635"/>
  <testcase classname="com.SauceDemo.testCases.TC_008" name="loginTest008" time="0.591"/>
  <testcase classname="com.SauceDemo.testCases.TC_008" name="loginTest008" time="1.818"/>
  <testcase classname="com.SauceDemo.testCases.TC_008" name="loginTest008" time="0.589"/>
</testsuite> <!-- com.SauceDemo.testCases.TC_008 -->
