<?xml version="1.0" encoding="UTF-8"?>
<!-- Generated by org.testng.reporters.JUnitReportReporter -->
<testsuite hostname="RKV" failures="0" tests="2" name="com.SauceDemo.testCases.TC_006" time="2.146" errors="0" timestamp="17 May 2019 18:23:54 GMT" skipped="0">
  <testcase classname="com.SauceDemo.testCases.TC_006" name="loginTest006" time="0.501"/>
  <testcase classname="com.SauceDemo.testCases.TC_006" name="loginTest006" time="1.645"/>
</testsuite> <!-- com.SauceDemo.testCases.TC_006 -->
