<?xml version="1.0" encoding="UTF-8"?>
<!-- Generated by org.testng.reporters.JUnitReportReporter -->
<testsuite hostname="RKV" failures="0" tests="2" name="com.SauceDemo.testCases.TC_006" time="2.030" errors="0" timestamp="17 May 2019 18:34:17 GMT" skipped="0">
  <testcase classname="com.SauceDemo.testCases.TC_006" name="loginTest006" time="1.533"/>
  <testcase classname="com.SauceDemo.testCases.TC_006" name="loginTest006" time="0.497"/>
</testsuite> <!-- com.SauceDemo.testCases.TC_006 -->
