<?xml version="1.0" encoding="UTF-8"?>
<!-- Generated by org.testng.reporters.JUnitReportReporter -->
<testsuite hostname="RKV" failures="0" tests="2" name="com.SauceDemo.testCases.TC_005" time="1.977" errors="0" timestamp="17 May 2019 18:34:17 GMT" skipped="0">
  <testcase classname="com.SauceDemo.testCases.TC_005" name="loginTest005" time="0.567"/>
  <testcase classname="com.SauceDemo.testCases.TC_005" name="loginTest005" time="1.410"/>
</testsuite> <!-- com.SauceDemo.testCases.TC_005 -->
