<?xml version="1.0" encoding="UTF-8"?>
<!-- Generated by org.testng.reporters.JUnitReportReporter -->
<testsuite hostname="RKV" failures="0" tests="4" name="com.SauceDemo.testCases.TC_002" time="3.812" errors="0" timestamp="17 May 2019 18:34:17 GMT" skipped="0">
  <testcase classname="com.SauceDemo.testCases.TC_002" name="loginTest002" time="0.447"/>
  <testcase classname="com.SauceDemo.testCases.TC_002" name="loginTest002" time="0.536"/>
  <testcase classname="com.SauceDemo.testCases.TC_002" name="loginTest002" time="1.480"/>
  <testcase classname="com.SauceDemo.testCases.TC_002" name="loginTest002" time="1.349"/>
</testsuite> <!-- com.SauceDemo.testCases.TC_002 -->
